# JRE version: OpenJDK Runtime Environment (8.0_202-b03) (build 1.8.0_202-release-1483-b03)
# Java VM: OpenJDK 64-Bit Server VM (25.202-b03 mixed mode windows-amd64 compressed oops)
Heap:
 PSYoungGen      total 475136K, used 413258K [0x00000000e0000000, 0x00000000ffe00000, 0x0000000100000000)
  eden space 429568K, 93% used [0x00000000e0000000,0x00000000f8768c38,0x00000000fa380000)
  from space 45568K, 27% used [0x00000000fa380000,0x00000000fafa9e70,0x00000000fd000000)
  to   space 43520K, 0% used [0x00000000fd380000,0x00000000fd380000,0x00000000ffe00000)
 ParOldGen       total 451584K, used 181519K [0x00000000a0000000, 0x00000000bb900000, 0x00000000e0000000)
  object space 451584K, 40% used [0x00000000a0000000,0x00000000ab143d58,0x00000000bb900000)
 Metaspace       used 101558K, capacity 106986K, committed 107724K, reserved 1142784K
  class space    used 12854K, capacity 13838K, committed 14080K, reserved 1048576K
GC Heap History (10 events):
Event: 520.745 GC heap before
{Heap before GC invocations=67 (full 4):
 PSYoungGen      total 467456K, used 427728K [0x00000000e0000000, 0x00000000ffd00000, 0x0000000100000000)
  eden space 416768K, 100% used [0x00000000e0000000,0x00000000f9700000,0x00000000f9700000)
  from space 50688K, 21% used [0x00000000fcb80000,0x00000000fd6342d8,0x00000000ffd00000)
  to   space 52224K, 0% used [0x00000000f9700000,0x00000000f9700000,0x00000000fca00000)
 ParOldGen       total 451584K, used 132467K [0x00000000a0000000, 0x00000000bb900000, 0x00000000e0000000)
  object space 451584K, 29% used [0x00000000a0000000,0x00000000a815cf70,0x00000000bb900000)
 Metaspace       used 101526K, capacity 106974K, committed 107724K, reserved 1142784K
  class space    used 12851K, capacity 13836K, committed 14080K, reserved 1048576K
Event: 520.765 GC heap after
Heap after GC invocations=67 (full 4):
 PSYoungGen      total 468992K, used 19676K [0x00000000e0000000, 0x00000000ffc80000, 0x0000000100000000)
  eden space 416768K, 0% used [0x00000000e0000000,0x00000000e0000000,0x00000000f9700000)
  from space 52224K, 37% used [0x00000000f9700000,0x00000000faa371f0,0x00000000fca00000)
  to   space 49664K, 0% used [0x00000000fcc00000,0x00000000fcc00000,0x00000000ffc80000)
 ParOldGen       total 451584K, used 138484K [0x00000000a0000000, 0x00000000bb900000, 0x00000000e0000000)
  object space 451584K, 30% used [0x00000000a0000000,0x00000000a873d398,0x00000000bb900000)
 Metaspace       used 101526K, capacity 106974K, committed 107724K, reserved 1142784K
  class space    used 12851K, capacity 13836K, committed 14080K, reserved 1048576K
}
Event: 521.048 GC heap before
{Heap before GC invocations=68 (full 4):
 PSYoungGen      total 468992K, used 436444K [0x00000000e0000000, 0x00000000ffc80000, 0x0000000100000000)
  eden space 416768K, 100% used [0x00000000e0000000,0x00000000f9700000,0x00000000f9700000)
  from space 52224K, 37% used [0x00000000f9700000,0x00000000faa371f0,0x00000000fca00000)
  to   space 49664K, 0% used [0x00000000fcc00000,0x00000000fcc00000,0x00000000ffc80000)
 ParOldGen       total 451584K, used 138484K [0x00000000a0000000, 0x00000000bb900000, 0x00000000e0000000)
  object space 451584K, 30% used [0x00000000a0000000,0x00000000a873d398,0x00000000bb900000)
 Metaspace       used 101527K, capacity 106974K, committed 107724K, reserved 1142784K
  class space    used 12851K, capacity 13836K, committed 14080K, reserved 1048576K
Event: 521.071 GC heap after
Heap after GC invocations=68 (full 4):
 PSYoungGen      total 468992K, used 14134K [0x00000000e0000000, 0x00000000ff980000, 0x0000000100000000)
  eden space 422400K, 0% used [0x00000000e0000000,0x00000000e0000000,0x00000000f9c80000)
  from space 46592K, 30% used [0x00000000fcc00000,0x00000000fd9cdbe0,0x00000000ff980000)
  to   space 47616K, 0% used [0x00000000f9c80000,0x00000000f9c80000,0x00000000fcb00000)
 ParOldGen       total 451584K, used 153318K [0x00000000a0000000, 0x00000000bb900000, 0x00000000e0000000)
  object space 451584K, 33% used [0x00000000a0000000,0x00000000a95b9870,0x00000000bb900000)
 Metaspace       used 101527K, capacity 106974K, committed 107724K, reserved 1142784K
  class space    used 12851K, capacity 13836K, committed 14080K, reserved 1048576K
}
Event: 521.359 GC heap before
{Heap before GC invocations=69 (full 4):
 PSYoungGen      total 468992K, used 436534K [0x00000000e0000000, 0x00000000ff980000, 0x0000000100000000)
  eden space 422400K, 100% used [0x00000000e0000000,0x00000000f9c80000,0x00000000f9c80000)
  from space 46592K, 30% used [0x00000000fcc00000,0x00000000fd9cdbe0,0x00000000ff980000)
  to   space 47616K, 0% used [0x00000000f9c80000,0x00000000f9c80000,0x00000000fcb00000)
 ParOldGen       total 451584K, used 153318K [0x00000000a0000000, 0x00000000bb900000, 0x00000000e0000000)
  object space 451584K, 33% used [0x00000000a0000000,0x00000000a95b9870,0x00000000bb900000)
 Metaspace       used 101528K, capacity 106974K, committed 107724K, reserved 1142784K
  class space    used 12851K, capacity 13836K, committed 14080K, reserved 1048576K
Event: 521.370 GC heap after
Heap after GC invocations=69 (full 4):
 PSYoungGen      total 470016K, used 9760K [0x00000000e0000000, 0x0000000100000000, 0x0000000100000000)
  eden space 422400K, 0% used [0x00000000e0000000,0x00000000e0000000,0x00000000f9c80000)
  from space 47616K, 20% used [0x00000000f9c80000,0x00000000fa608168,0x00000000fcb00000)
  to   space 47104K, 0% used [0x00000000fd200000,0x00000000fd200000,0x0000000100000000)
 ParOldGen       total 451584K, used 166142K [0x00000000a0000000, 0x00000000bb900000, 0x00000000e0000000)
  object space 451584K, 36% used [0x00000000a0000000,0x00000000aa23faa8,0x00000000bb900000)
 Metaspace       used 101528K, capacity 106974K, committed 107724K, reserved 1142784K
  class space    used 12851K, capacity 13836K, committed 14080K, reserved 1048576K
}
Event: 521.811 GC heap before
{Heap before GC invocations=70 (full 4):
 PSYoungGen      total 470016K, used 432160K [0x00000000e0000000, 0x0000000100000000, 0x0000000100000000)
  eden space 422400K, 100% used [0x00000000e0000000,0x00000000f9c80000,0x00000000f9c80000)
  from space 47616K, 20% used [0x00000000f9c80000,0x00000000fa608168,0x00000000fcb00000)
  to   space 47104K, 0% used [0x00000000fd200000,0x00000000fd200000,0x0000000100000000)
 ParOldGen       total 451584K, used 166142K [0x00000000a0000000, 0x00000000bb900000, 0x00000000e0000000)
  object space 451584K, 36% used [0x00000000a0000000,0x00000000aa23faa8,0x00000000bb900000)
 Metaspace       used 101534K, capacity 106980K, committed 107724K, reserved 1142784K
  class space    used 12851K, capacity 13837K, committed 14080K, reserved 1048576K
Event: 521.823 GC heap after
Heap after GC invocations=70 (full 4):
 PSYoungGen      total 473088K, used 12335K [0x00000000e0000000, 0x00000000ffc80000, 0x0000000100000000)
  eden space 429568K, 0% used [0x00000000e0000000,0x00000000e0000000,0x00000000fa380000)
  from space 43520K, 28% used [0x00000000fd200000,0x00000000fde0bd08,0x00000000ffc80000)
  to   space 45568K, 0% used [0x00000000fa380000,0x00000000fa380000,0x00000000fd000000)
 ParOldGen       total 451584K, used 173978K [0x00000000a0000000, 0x00000000bb900000, 0x00000000e0000000)
  object space 451584K, 38% used [0x00000000a0000000,0x00000000aa9e6ae8,0x00000000bb900000)
 Metaspace       used 101534K, capacity 106980K, committed 107724K, reserved 1142784K
  class space    used 12851K, capacity 13837K, committed 14080K, reserved 1048576K
}
Event: 522.599 GC heap before
{Heap before GC invocations=71 (full 4):
 PSYoungGen      total 473088K, used 441903K [0x00000000e0000000, 0x00000000ffc80000, 0x0000000100000000)
  eden space 429568K, 100% used [0x00000000e0000000,0x00000000fa380000,0x00000000fa380000)
  from space 43520K, 28% used [0x00000000fd200000,0x00000000fde0bd08,0x00000000ffc80000)
  to   space 45568K, 0% used [0x00000000fa380000,0x00000000fa380000,0x00000000fd000000)
 ParOldGen       total 451584K, used 173978K [0x00000000a0000000, 0x00000000bb900000, 0x00000000e0000000)
  object space 451584K, 38% used [0x00000000a0000000,0x00000000aa9e6ae8,0x00000000bb900000)
 Metaspace       used 101544K, capacity 106980K, committed 107724K, reserved 1142784K
  class space    used 12853K, capacity 13837K, committed 14080K, reserved 1048576K
Event: 522.616 GC heap after
Heap after GC invocations=71 (full 4):
 PSYoungGen      total 475136K, used 12455K [0x00000000e0000000, 0x00000000ffe00000, 0x0000000100000000)
  eden space 429568K, 0% used [0x00000000e0000000,0x00000000e0000000,0x00000000fa380000)
  from space 45568K, 27% used [0x00000000fa380000,0x00000000fafa9e70,0x00000000fd000000)
  to   space 43520K, 0% used [0x00000000fd380000,0x00000000fd380000,0x00000000ffe00000)
 ParOldGen       total 451584K, used 181519K [0x00000000a0000000, 0x00000000bb900000, 0x00000000e0000000)
  object space 451584K, 40% used [0x00000000a0000000,0x00000000ab143d58,0x00000000bb900000)
 Metaspace       used 101544K, capacity 106980K, committed 107724K, reserved 1142784K
  class space    used 12853K, capacity 13837K, committed 14080K, reserved 1048576K
}

