# JRE version: OpenJDK Runtime Environment (8.0_202-b03) (build 1.8.0_202-release-1483-b03)
# Java VM: OpenJDK 64-Bit Server VM (25.202-b03 mixed mode windows-amd64 compressed oops)
Heap:
 PSYoungGen      total 476672K, used 40374K [0x00000000e0000000, 0x00000000ffe00000, 0x0000000100000000)
  eden space 431104K, 7% used [0x00000000e0000000,0x00000000e1e2e998,0x00000000fa500000)
  from space 45568K, 20% used [0x00000000fa500000,0x00000000fae3ef18,0x00000000fd180000)
  to   space 44544K, 0% used [0x00000000fd280000,0x00000000fd280000,0x00000000ffe00000)
 ParOldGen       total 414208K, used 285501K [0x00000000a0000000, 0x00000000b9480000, 0x00000000e0000000)
  object space 414208K, 68% used [0x00000000a0000000,0x00000000b16cf658,0x00000000b9480000)
 Metaspace       used 103912K, capacity 108924K, committed 111832K, reserved 1146880K
  class space    used 13035K, capacity 13913K, committed 14552K, reserved 1048576K
GC Heap History (10 events):
Event: 3708.938 GC heap before
{Heap before GC invocations=81 (full 5):
 PSYoungGen      total 464896K, used 431838K [0x00000000e0000000, 0x00000000ffa80000, 0x0000000100000000)
  eden space 413184K, 100% used [0x00000000e0000000,0x00000000f9380000,0x00000000f9380000)
  from space 51712K, 36% used [0x00000000f9380000,0x00000000fa5b78d8,0x00000000fc600000)
  to   space 49664K, 0% used [0x00000000fca00000,0x00000000fca00000,0x00000000ffa80000)
 ParOldGen       total 414208K, used 224526K [0x00000000a0000000, 0x00000000b9480000, 0x00000000e0000000)
  object space 414208K, 54% used [0x00000000a0000000,0x00000000adb43a80,0x00000000b9480000)
 Metaspace       used 103218K, capacity 108176K, committed 111832K, reserved 1146880K
  class space    used 13000K, capacity 13879K, committed 14552K, reserved 1048576K
Event: 3708.963 GC heap after
Heap after GC invocations=81 (full 5):
 PSYoungGen      total 468992K, used 11586K [0x00000000e0000000, 0x00000000ffe00000, 0x0000000100000000)
  eden space 419328K, 0% used [0x00000000e0000000,0x00000000e0000000,0x00000000f9980000)
  from space 49664K, 23% used [0x00000000fca00000,0x00000000fd550a28,0x00000000ffa80000)
  to   space 49664K, 0% used [0x00000000f9980000,0x00000000f9980000,0x00000000fca00000)
 ParOldGen       total 414208K, used 240500K [0x00000000a0000000, 0x00000000b9480000, 0x00000000e0000000)
  object space 414208K, 58% used [0x00000000a0000000,0x00000000aeadd328,0x00000000b9480000)
 Metaspace       used 103218K, capacity 108176K, committed 111832K, reserved 1146880K
  class space    used 13000K, capacity 13879K, committed 14552K, reserved 1048576K
}
Event: 3709.411 GC heap before
{Heap before GC invocations=82 (full 5):
 PSYoungGen      total 468992K, used 430914K [0x00000000e0000000, 0x00000000ffe00000, 0x0000000100000000)
  eden space 419328K, 100% used [0x00000000e0000000,0x00000000f9980000,0x00000000f9980000)
  from space 49664K, 23% used [0x00000000fca00000,0x00000000fd550a28,0x00000000ffa80000)
  to   space 49664K, 0% used [0x00000000f9980000,0x00000000f9980000,0x00000000fca00000)
 ParOldGen       total 414208K, used 240500K [0x00000000a0000000, 0x00000000b9480000, 0x00000000e0000000)
  object space 414208K, 58% used [0x00000000a0000000,0x00000000aeadd328,0x00000000b9480000)
 Metaspace       used 103219K, capacity 108176K, committed 111832K, reserved 1146880K
  class space    used 13000K, capacity 13879K, committed 14552K, reserved 1048576K
Event: 3709.444 GC heap after
Heap after GC invocations=82 (full 5):
 PSYoungGen      total 468992K, used 13215K [0x00000000e0000000, 0x00000000ffe00000, 0x0000000100000000)
  eden space 419328K, 0% used [0x00000000e0000000,0x00000000e0000000,0x00000000f9980000)
  from space 49664K, 26% used [0x00000000f9980000,0x00000000fa667df0,0x00000000fca00000)
  to   space 48640K, 0% used [0x00000000fce80000,0x00000000fce80000,0x00000000ffe00000)
 ParOldGen       total 414208K, used 250113K [0x00000000a0000000, 0x00000000b9480000, 0x00000000e0000000)
  object space 414208K, 60% used [0x00000000a0000000,0x00000000af4406e8,0x00000000b9480000)
 Metaspace       used 103219K, capacity 108176K, committed 111832K, reserved 1146880K
  class space    used 13000K, capacity 13879K, committed 14552K, reserved 1048576K
}
Event: 3710.114 GC heap before
{Heap before GC invocations=83 (full 5):
 PSYoungGen      total 468992K, used 432543K [0x00000000e0000000, 0x00000000ffe00000, 0x0000000100000000)
  eden space 419328K, 100% used [0x00000000e0000000,0x00000000f9980000,0x00000000f9980000)
  from space 49664K, 26% used [0x00000000f9980000,0x00000000fa667df0,0x00000000fca00000)
  to   space 48640K, 0% used [0x00000000fce80000,0x00000000fce80000,0x00000000ffe00000)
 ParOldGen       total 414208K, used 251596K [0x00000000a0000000, 0x00000000b9480000, 0x00000000e0000000)
  object space 414208K, 60% used [0x00000000a0000000,0x00000000af5b3200,0x00000000b9480000)
 Metaspace       used 103723K, capacity 108662K, committed 111832K, reserved 1146880K
  class space    used 13031K, capacity 13912K, committed 14552K, reserved 1048576K
Event: 3710.138 GC heap after
Heap after GC invocations=83 (full 5):
 PSYoungGen      total 472576K, used 13583K [0x00000000e0000000, 0x00000000ffc00000, 0x0000000100000000)
  eden space 425984K, 0% used [0x00000000e0000000,0x00000000e0000000,0x00000000fa000000)
  from space 46592K, 29% used [0x00000000fce80000,0x00000000fdbc3dd0,0x00000000ffc00000)
  to   space 47104K, 0% used [0x00000000fa000000,0x00000000fa000000,0x00000000fce00000)
 ParOldGen       total 414208K, used 260947K [0x00000000a0000000, 0x00000000b9480000, 0x00000000e0000000)
  object space 414208K, 62% used [0x00000000a0000000,0x00000000afed4e38,0x00000000b9480000)
 Metaspace       used 103723K, capacity 108662K, committed 111832K, reserved 1146880K
  class space    used 13031K, capacity 13912K, committed 14552K, reserved 1048576K
}
Event: 3710.637 GC heap before
{Heap before GC invocations=84 (full 5):
 PSYoungGen      total 472576K, used 439567K [0x00000000e0000000, 0x00000000ffc00000, 0x0000000100000000)
  eden space 425984K, 100% used [0x00000000e0000000,0x00000000fa000000,0x00000000fa000000)
  from space 46592K, 29% used [0x00000000fce80000,0x00000000fdbc3dd0,0x00000000ffc00000)
  to   space 47104K, 0% used [0x00000000fa000000,0x00000000fa000000,0x00000000fce00000)
 ParOldGen       total 414208K, used 260950K [0x00000000a0000000, 0x00000000b9480000, 0x00000000e0000000)
  object space 414208K, 62% used [0x00000000a0000000,0x00000000afed5908,0x00000000b9480000)
 Metaspace       used 103834K, capacity 108860K, committed 111832K, reserved 1146880K
  class space    used 13033K, capacity 13913K, committed 14552K, reserved 1048576K
Event: 3710.663 GC heap after
Heap after GC invocations=84 (full 5):
 PSYoungGen      total 473088K, used 13248K [0x00000000e0000000, 0x00000000ffe80000, 0x0000000100000000)
  eden space 425984K, 0% used [0x00000000e0000000,0x00000000e0000000,0x00000000fa000000)
  from space 47104K, 28% used [0x00000000fa000000,0x00000000facf0098,0x00000000fce00000)
  to   space 46080K, 0% used [0x00000000fd180000,0x00000000fd180000,0x00000000ffe80000)
 ParOldGen       total 414208K, used 272525K [0x00000000a0000000, 0x00000000b9480000, 0x00000000e0000000)
  object space 414208K, 65% used [0x00000000a0000000,0x00000000b0a23688,0x00000000b9480000)
 Metaspace       used 103834K, capacity 108860K, committed 111832K, reserved 1146880K
  class space    used 13033K, capacity 13913K, committed 14552K, reserved 1048576K
}
Event: 3711.133 GC heap before
{Heap before GC invocations=85 (full 5):
 PSYoungGen      total 473088K, used 439232K [0x00000000e0000000, 0x00000000ffe80000, 0x0000000100000000)
  eden space 425984K, 100% used [0x00000000e0000000,0x00000000fa000000,0x00000000fa000000)
  from space 47104K, 28% used [0x00000000fa000000,0x00000000facf0098,0x00000000fce00000)
  to   space 46080K, 0% used [0x00000000fd180000,0x00000000fd180000,0x00000000ffe80000)
 ParOldGen       total 414208K, used 272525K [0x00000000a0000000, 0x00000000b9480000, 0x00000000e0000000)
  object space 414208K, 65% used [0x00000000a0000000,0x00000000b0a236c0,0x00000000b9480000)
 Metaspace       used 103900K, capacity 108860K, committed 111832K, reserved 1146880K
  class space    used 13035K, capacity 13913K, committed 14552K, reserved 1048576K
Event: 3711.147 GC heap after
Heap after GC invocations=85 (full 5):
 PSYoungGen      total 476672K, used 6289K [0x00000000e0000000, 0x00000000ffe00000, 0x0000000100000000)
  eden space 431104K, 0% used [0x00000000e0000000,0x00000000e0000000,0x00000000fa500000)
  from space 45568K, 13% used [0x00000000fd180000,0x00000000fd7a4798,0x00000000ffe00000)
  to   space 45568K, 0% used [0x00000000fa500000,0x00000000fa500000,0x00000000fd180000)
 ParOldGen       total 414208K, used 281917K [0x00000000a0000000, 0x00000000b9480000, 0x00000000e0000000)
  object space 414208K, 68% used [0x00000000a0000000,0x00000000b134f510,0x00000000b9480000)
 Metaspace       used 103900K, capacity 108860K, committed 111832K, reserved 1146880K
  class space    used 13035K, capacity 13913K, committed 14552K, reserved 1048576K
}

